Change Component Designator: Old Designator=C29 New Designator=C?
Change Component Designator: Old Designator=C30 New Designator=C?
Change Component Designator: Old Designator=C31 New Designator=C?
Change Component Designator: Old Designator=C32 New Designator=C?
Change Component Designator: Old Designator=C33 New Designator=C?
Change Component Designator: Old Designator=C34 New Designator=C?
Change Component Designator: Old Designator=LED7 New Designator=LED?
Change Component Designator: Old Designator=LED8 New Designator=LED?
Change Component Designator: Old Designator=R40 New Designator=R?
Change Component Designator: Old Designator=R41 New Designator=R?
Change Component Designator: Old Designator=R42 New Designator=R?
Change Component Designator: Old Designator=R43 New Designator=R?
Change Component Designator: Old Designator=TP15 New Designator=TP?
Change Component Designator: Old Designator=TP16 New Designator=TP?
Change Component Designator: Old Designator=TP17 New Designator=TP?
Change Component Designator: Old Designator=TP18 New Designator=TP?
Change Component Designator: Old Designator=TP19 New Designator=TP?
Change Component Designator: Old Designator=TP20 New Designator=TP?
Change Component Designator: Old Designator=TP21 New Designator=TP?
Change Component Designator: Old Designator=TP22 New Designator=TP?
Change Component Designator: Old Designator=U8 New Designator=U?
Change Component Designator: Old Designator=U9 New Designator=U?
Change Component Designator: Old Designator=U10 New Designator=U?
Change Component Designator: Old Designator=U11 New Designator=U?
