Removed Pin From Net: NetName=GND Pin=C30-2
Removed Pin From Net: NetName=GND Pin=C32-2
Removed Pin From Net: NetName=+3V2_VMCU Pin=C34-1
Removed Pin From Net: NetName=GND Pin=C34-2
Removed Pin From Net: NetName=GND Pin=C40-2
Removed Pin From Net: NetName=+3V2_VMCU Pin=C44-1
Removed Pin From Net: NetName=GND Pin=C44-2
Removed Pin From Net: NetName=GND Pin=MH5-1
Removed Pin From Net: NetName=GND Pin=MH6-1
Removed Pin From Net: NetName=GND Pin=MH7-1
Removed Pin From Net: NetName=GND Pin=MH8-1
Removed Pin From Net: NetName=GND Pin=R32-2
Removed Pin From Net: NetName=LCD_PWR Pin=TP1-1
Removed Pin From Net: NetName=GND Pin=TP1-2
Removed Pin From Net: NetName=LCD_CS Pin=TP2-1
Removed Pin From Net: NetName=GND Pin=TP2-2
Removed Pin From Net: NetName=+1V8_DCDC Pin=TP8-1
Removed Pin From Net: NetName=GND Pin=TP8-2
Removed Pin From Net: NetName=R_SENSE Pin=TP9-1
Removed Pin From Net: NetName=GND Pin=TP9-2
Removed Pin From Net: NetName=+3V2_VMCU Pin=TP10-1
Removed Pin From Net: NetName=GND Pin=TP10-2
Removed Pin From Net: NetName=SOLAR_IN Pin=TP12-1
Removed Pin From Net: NetName=GND Pin=TP12-2
Removed Pin From Net: NetName=+5V_VBUS Pin=TP13-1
Removed Pin From Net: NetName=GND Pin=TP13-2
Removed Pin From Net: NetName=+3V7_VBAT Pin=TP14-1
Removed Pin From Net: NetName=GND Pin=TP14-2
Removed Pin From Net: NetName=MAG_ENC1_PWR Pin=TP18-1
Removed Pin From Net: NetName=GND Pin=TP18-2
Removed Pin From Net: NetName=GND Pin=TP19-2
Removed Pin From Net: NetName=GND Pin=TP20-2
Removed Pin From Net: NetName=GND Pin=TP21-2
Removed Pin From Net: NetName=GND Pin=TP22-2
Removed Pin From Net: NetName=ULTSEN_PWR Pin=TP23-1
Removed Pin From Net: NetName=GND Pin=TP23-2
Removed Pin From Net: NetName=Test_Pin Pin=U3-46
Removed Pin From Net: NetName=SPI_CLK Pin=U9-2
Removed Pin From Net: NetName=SPI_MISO Pin=U9-3
Removed Pin From Net: NetName=SPI_MOSI Pin=U9-4
Removed Pin From Net: NetName=GND Pin=U9-5
Removed Pin From Net: NetName=GND Pin=U9-13
Removed Pin From Net: NetName=GND Pin=U11-2
Removed Pin From Net: NetName=+3V2_VMCU Pin=U11-5
Removed Pin From Net: NetName=MAG_ENC_CS Pin=U12-3
Removed Pin From Net: NetName=GND Pin=U12-5
Removed Pin From Net: NetName=GND Pin=U12-6
Removed Pin From Net: NetName=MAG_ENC_A Pin=U12-8
Removed Pin From Net: NetName=MAG_ENC_B Pin=U12-13
Removed Pin From Net: NetName=+3V2_VMCU Pin=U12-16
Removed Pin From Net: NetName=MAG_ENC_SW Pin=U12-18
Removed Member From Class: ClassName=Mag_Enc_Sensors Member=C30
Removed Member From Class: ClassName=Mag_Enc_Sensors Member=C32
Removed Member From Class: ClassName=Mag_Enc_Sensors Member=C34
Removed Member From Class: ClassName=Mag_Enc_Sensors Member=C40
Removed Member From Class: ClassName=Mag_Enc_Sensors Member=C44
Removed Member From Class: ClassName=Mag_Enc_Sensors Member=LED10
Removed Member From Class: ClassName=Mag_Enc_Sensors Member=MH5
Removed Member From Class: ClassName=Mag_Enc_Sensors Member=MH6
Removed Member From Class: ClassName=Mag_Enc_Sensors Member=MH7
Removed Member From Class: ClassName=Mag_Enc_Sensors Member=MH8
Removed Member From Class: ClassName=Mag_Enc_Sensors Member=R32
Removed Member From Class: ClassName=efr32_lcd_hmi Member=TP1
Removed Member From Class: ClassName=efr32_lcd_hmi Member=TP2
Removed Member From Class: ClassName=efr32_radio_interface Member=TP8
Removed Member From Class: ClassName=power_management Member=TP9
Removed Member From Class: ClassName=power_management Member=TP10
Removed Member From Class: ClassName=power_management Member=TP12
Removed Member From Class: ClassName=power_management Member=TP13
Removed Member From Class: ClassName=power_management Member=TP14
Removed Member From Class: ClassName=Mag_Enc_Sensors Member=TP18
Removed Member From Class: ClassName=Mag_Enc_Sensors Member=TP19
Removed Member From Class: ClassName=Mag_Enc_Sensors Member=TP20
Removed Member From Class: ClassName=Mag_Enc_Sensors Member=TP21
Removed Member From Class: ClassName=Mag_Enc_Sensors Member=TP22
Removed Member From Class: ClassName=ultrasonic_imu_sensor Member=TP23
Removed Member From Class: ClassName=Mag_Enc_Sensors Member=U9
Removed Member From Class: ClassName=Mag_Enc_Sensors Member=U11
Removed Member From Class: ClassName=Mag_Enc_Sensors Member=U12
Added Pin To Net: NetName=MAG_ENC_B Pin=TP15-1
Added Pin To Net: NetName=MAG_ENC_A Pin=TP16-1
Added Pin To Net: NetName=MAG_ENC_CS Pin=TP17-1
Added Pin To Net: NetName=Test_Pin Pin=U3-24
Added Pin To Net: NetName=MAG_ENC_CS Pin=U8-1
Added Pin To Net: NetName=MAG_ENC_B Pin=U8-6
Added Pin To Net: NetName=MAG_ENC_A Pin=U8-7
Added Pin To Net: NetName=MAG_ENC_SW Pin=U10-4
