Removed Pin From Net: NetName=SPI_MISO Pin=TP2-2
Removed Pin From Net: NetName=SPI_CLK Pin=TP3-1
Removed Pin From Net: NetName=GND Pin=TP3-2
Removed Pin From Net: NetName=MAG_ENC_A Pin=TP4-1
Removed Pin From Net: NetName=MAG_ENC_B Pin=TP4-2
Removed Pin From Net: NetName=GND Pin=TP6-1
Removed Pin From Net: NetName=US2_RX Pin=TP7-1
Removed Pin From Net: NetName=US2_TX Pin=TP7-2
Removed Pin From Net: NetName=GND Pin=TP8-1
Removed Pin From Net: NetName=MAG_ENC_CS Pin=TP17-1
Removed Pin From Net: NetName=GND Pin=TP17-2
Removed Pin From Net: NetName=US2_TX Pin=U13-4
Removed Pin From Net: NetName=US2_RX Pin=U13-5
Removed Pin From Net: NetName=ULTSEN_PWR Pin=U13-6
Removed Pin From Net: NetName=GND Pin=U13-7
Removed Member From Class: ClassName=efr32_ioport Member=TP3
Removed Member From Class: ClassName=Mag_Enc_Sensors Member=TP4
Removed Member From Class: ClassName=Mag_Enc_Sensors Member=TP6
Removed Member From Class: ClassName=ultrasonic_imu_sensor Member=TP7
Removed Member From Class: ClassName=ultrasonic_imu_sensor Member=TP8
Removed Member From Class: ClassName=Mag_Enc_Sensors Member=TP17
Change Component Footprint: Designator=TP4 Old Footprint=2_PIN_100mil New Footprint=3_PIN_100mil
Change Component Footprint: Designator=TP2 Old Footprint=2_PIN_100mil New Footprint=4_PIN_100MIL
Change Component Footprint: Designator=U13 Old Footprint=7_PIN_100MIL New Footprint=4_PIN_100MIL
Change Component Footprint: Designator=TP3 Old Footprint=TP10x_Probe New Footprint=4_PIN_100MIL
Change Component Comment : Designator=TP4 Old Comment=2_pin_test New Comment=3_pin_test
Change Component Comment : Designator=TP2 Old Comment=2_pin_test New Comment=4_pin_test
Change Component Comment : Designator=TP3 Old Comment=10x Probe TP New Comment=4_pin_test
Added Pin To Net: NetName=SPI_CLK Pin=TP2-2
Added Pin To Net: NetName=GND Pin=TP2-3
Added Pin To Net: NetName=SPI_MISO Pin=TP2-4
Added Pin To Net: NetName=MAG_ENC_A Pin=TP3-1
Added Pin To Net: NetName=MAG_ENC_CS Pin=TP3-2
Added Pin To Net: NetName=GND Pin=TP3-3
Added Pin To Net: NetName=MAG_ENC_B Pin=TP3-4
Added Pin To Net: NetName=US2_RX Pin=TP4-1
Added Pin To Net: NetName=US2_TX Pin=TP4-2
Added Pin To Net: NetName=GND Pin=TP4-3
Added Pin To Net: NetName=US2_TX Pin=U13-1
Added Pin To Net: NetName=US2_RX Pin=U13-2
Added Pin To Net: NetName=ULTSEN_PWR Pin=U13-3
Added Pin To Net: NetName=GND Pin=U13-4
Added Pin To Net: NetName=+3V2_VMCU Pin=U15-11
Added Member To Class: ClassName=Mag_Enc_Sensors Member=Component TP3 4_pin_test
Added Member To Class: ClassName=ultrasonic_imu_sensor Member=Component TP4 3_pin_test
