Removed Pin From Net: NetName=+3V2_VMCU Pin=H9-1
Removed Pin From Net: NetName=SW_GO Pin=H9-2
Removed Pin From Net: NetName=SW_BACK Pin=H9-3
Removed Pin From Net: NetName=SW_DOWN Pin=H9-4
Removed Pin From Net: NetName=SW_UP Pin=H9-5
Removed Pin From Net: NetName=+3V2_VMCU Pin=H10-1
Removed Pin From Net: NetName=+3V2_VMCU Pin=R3-1
Removed Pin From Net: NetName=+3V2_VMCU Pin=R5-1
Removed Pin From Net: NetName=+3V2_VMCU Pin=R6-1
Removed Pin From Net: NetName=+3V2_VMCU Pin=R9-1
Removed Pin From Net: NetName=SW_GO Pin=U3-25
Removed Pin From Net: NetName=SW_BACK Pin=U3-26
Removed Pin From Net: NetName=SW_DOWN Pin=U3-27
Removed Pin From Net: NetName=SW_UP Pin=U3-28
Removed Member From Class: ClassName=efr32_lcd_hmi Member=H9
Added Component: Designator=H?(5_PIN_100MIL)
Added Pin To Net: NetName=+3V2_VMCU Pin=H?-1
Change Net Name : Old Net Name=SW_BACK New Net Name=SW_BACK_S
Change Net Name : Old Net Name=SW_DOWN New Net Name=SW_DOWN_S
Change Net Name : Old Net Name=SW_GO New Net Name=SW_GO_S
Change Net Name : Old Net Name=SW_UP New Net Name=SW_UP_S
Added Pin To Net: NetName=+3V2_VMCU_S Pin=H10-1
Added Pin To Net: NetName=+3V2_VMCU_S Pin=R3-1
Added Pin To Net: NetName=+3V2_VMCU_S Pin=R5-1
Added Pin To Net: NetName=+3V2_VMCU_S Pin=R6-1
Added Pin To Net: NetName=+3V2_VMCU_S Pin=R9-1
Added Net: Name=+3V2_VMCU_S
Added Pin To Net: NetName=SW_BACK Pin=H?-3
Added Pin To Net: NetName=SW_BACK Pin=U3-26
Added Net: Name=SW_BACK
Added Pin To Net: NetName=SW_DOWN Pin=H?-4
Added Pin To Net: NetName=SW_DOWN Pin=U3-27
Added Net: Name=SW_DOWN
Added Pin To Net: NetName=SW_GO Pin=H?-2
Added Pin To Net: NetName=SW_GO Pin=U3-25
Added Net: Name=SW_GO
Added Pin To Net: NetName=SW_UP Pin=H?-5
Added Pin To Net: NetName=SW_UP Pin=U3-28
Added Net: Name=SW_UP
Added Member To Class: ClassName=efr32_ioport Member=Component H? 5_pin_connector
