Removed Pin From Net: NetName=US2_RX Pin=U3-4
Removed Pin From Net: NetName=US2_TX Pin=U3-5
Removed Pin From Net: NetName=LCD_CS Pin=U3-6
Removed Pin From Net: NetName=LCD_SW Pin=U3-7
Removed Pin From Net: NetName=LCD_EXTCOM Pin=U3-8
Removed Pin From Net: NetName=MAG_ENC_CS Pin=U3-19
Removed Pin From Net: NetName=MAG_ENC_SW Pin=U3-20
Removed Pin From Net: NetName=MAG_ENC_A Pin=U3-21
Removed Pin From Net: NetName=MAG_ENC_B Pin=U3-22
Removed Pin From Net: NetName=MAG_ENC_SEL Pin=U3-23
Removed Pin From Net: NetName=US0_TX Pin=U3-25
Removed Pin From Net: NetName=US0_RX Pin=U3-26
Removed Pin From Net: NetName=SW_GO Pin=U3-27
Removed Pin From Net: NetName=SW_BACK Pin=U3-28
Removed Pin From Net: NetName=SW_DOWN Pin=U3-29
Removed Pin From Net: NetName=SW_UP Pin=U3-30
Removed Pin From Net: NetName=ULTSEN_SW Pin=U3-31
Removed Pin From Net: NetName=PTI_DATA Pin=U3-32
Removed Pin From Net: NetName=PTI_FRAME Pin=U3-33
Added Pin To Net: NetName=US0_RX Pin=U3-4
Added Pin To Net: NetName=US0_TX Pin=U3-5
Added Pin To Net: NetName=PTI_DATA Pin=U3-6
Added Pin To Net: NetName=PTI_FRAME Pin=U3-7
Added Pin To Net: NetName=US2_RX Pin=U3-8
Added Pin To Net: NetName=MAG_ENC_CS Pin=U3-20
Added Pin To Net: NetName=MAG_ENC_SW Pin=U3-21
Added Pin To Net: NetName=MAG_ENC_A Pin=U3-22
Added Pin To Net: NetName=MAG_ENC_B Pin=U3-23
Added Pin To Net: NetName=MAG_ENC_SEL Pin=U3-24
Added Pin To Net: NetName=ULTSEN_SW Pin=U3-25
Added Pin To Net: NetName=SW_GO Pin=U3-26
Added Pin To Net: NetName=SW_BACK Pin=U3-27
Added Pin To Net: NetName=SW_DOWN Pin=U3-28
Added Pin To Net: NetName=SW_UP Pin=U3-29
Added Pin To Net: NetName=US2_TX Pin=U3-30
Added Pin To Net: NetName=LCD_CS Pin=U3-31
Added Pin To Net: NetName=LCD_SW Pin=U3-32
Added Pin To Net: NetName=LCD_EXTCOM Pin=U3-33
