Added Room: Name=efr32_ioport
Added Room: Name=efr32_lcd_hmi
Added Room: Name=efr32_radio_interface
Added Room: Name=Mag_Enc_Sensors
Added Room: Name=power_management
Added Room: Name=solar_cell
Added Room: Name=ultrasonic_imu_sensor
Added Rule: Name=Schematic Width Constraint
Added Rule: Name=Schematic Width Constraint_1
Added Rule: Name=Schematic Width Constraint_2
Added Rule: Name=Schematic Width Constraint_3
Added Rule: Name=Schematic Width Constraint_4
Added Rule: Name=Schematic Width Constraint_5
Added Rule: Name=Schematic Width Constraint_6
Added Rule: Name=Schematic Width Constraint_7
Added Rule: Name=Schematic Width Constraint_8
Added Rule: Name=Schematic Width Constraint_9
Added Rule: Name=Schematic Width Constraint_10
Added Rule: Name=Schematic Width Constraint_11
Added Rule: Name=Schematic Width Constraint_12
Added Rule: Name=Schematic Width Constraint_13
Added Rule: Name=Schematic Width Constraint_14
Added Rule: Name=Schematic Width Constraint_15
Added Rule: Name=Schematic Width Constraint_16
Added Rule: Name=Schematic Width Constraint_17
Added Rule: Name=Schematic Width Constraint_18
Added Rule: Name=Schematic Width Constraint_19
Added Rule: Name=Schematic Width Constraint_20
Added Rule: Name=Schematic Width Constraint_21
Added Rule: Name=Schematic Width Constraint_22
Added Rule: Name=Schematic Width Constraint_23
Added Rule: Name=Schematic Width Constraint_24
