Removed Pin From Net: NetName=SPI_MOSI Pin=TP4-1
Removed Pin From Net: NetName=GND Pin=TP4-2
Removed Pin From Net: NetName=SPI_MISO Pin=TP5-1
Removed Pin From Net: NetName=GND Pin=TP5-2
Removed Pin From Net: NetName=I2C0_SDA Pin=TP6-1
Removed Pin From Net: NetName=GND Pin=TP6-2
Removed Pin From Net: NetName=I2C0_SCL Pin=TP7-1
Removed Pin From Net: NetName=GND Pin=TP7-2
Removed Member From Class: ClassName=efr32_ioport Member=TP4
Removed Member From Class: ClassName=efr32_ioport Member=TP5
Removed Member From Class: ClassName=efr32_ioport Member=TP6
Removed Member From Class: ClassName=efr32_ioport Member=TP7
Added Component: Designator=TP1(2_PIN_100mil)
Added Component: Designator=TP2(2_PIN_100mil)
Added Pin To Net: NetName=I2C0_SDA Pin=TP1-1
Added Pin To Net: NetName=I2C0_SCL Pin=TP1-2
Added Pin To Net: NetName=SPI_MOSI Pin=TP2-1
Added Pin To Net: NetName=SPI_MISO Pin=TP2-2
Added Member To Class: ClassName=efr32_ioport Member=Component TP1 2_pin_test
Added Member To Class: ClassName=efr32_ioport Member=Component TP2 2_pin_test
